# JRE version: OpenJDK Runtime Environment (11.0.10) (build 11.0.10+0-b96-7249189)
# Java VM: OpenJDK 64-Bit Server VM (11.0.10+0-b96-7249189, mixed mode, tiered, compressed oops, g1 gc, windows-amd64)
Heap:
 garbage-first heap   total 322560K, used 208740K [0x0000000080000000, 0x0000000100000000)
  region size 1024K, 49 young (50176K), 10 survivors (10240K)
 Metaspace       used 151467K, capacity 157305K, committed 157516K, reserved 1185792K
  class space    used 18966K, capacity 21014K, committed 21068K, reserved 1048576K
GC Heap History (20 events):
Event: 1171.314 GC heap before
{Heap before GC invocations=184 (full 0):
 garbage-first heap   total 322560K, used 155609K [0x0000000080000000, 0x0000000100000000)
  region size 1024K, 15 young (15360K), 4 survivors (4096K)
 Metaspace       used 147682K, capacity 153353K, committed 153420K, reserved 1181696K
  class space    used 18582K, capacity 20538K, committed 20556K, reserved 1048576K
}
Event: 1171.318 GC heap after
{Heap after GC invocations=185 (full 0):
 garbage-first heap   total 322560K, used 136025K [0x0000000080000000, 0x0000000100000000)
  region size 1024K, 1 young (1024K), 1 survivors (1024K)
 Metaspace       used 147682K, capacity 153353K, committed 153420K, reserved 1181696K
  class space    used 18582K, capacity 20538K, committed 20556K, reserved 1048576K
}
Event: 1172.077 GC heap before
{Heap before GC invocations=185 (full 0):
 garbage-first heap   total 322560K, used 187225K [0x0000000080000000, 0x0000000100000000)
  region size 1024K, 53 young (54272K), 1 survivors (1024K)
 Metaspace       used 147782K, capacity 153417K, committed 153676K, reserved 1181696K
  class space    used 18582K, capacity 20538K, committed 20556K, reserved 1048576K
}
Event: 1172.101 GC heap after
{Heap after GC invocations=186 (full 0):
 garbage-first heap   total 322560K, used 146539K [0x0000000080000000, 0x0000000100000000)
  region size 1024K, 11 young (11264K), 11 survivors (11264K)
 Metaspace       used 147782K, capacity 153417K, committed 153676K, reserved 1181696K
  class space    used 18582K, capacity 20538K, committed 20556K, reserved 1048576K
}
Event: 1173.321 GC heap before
{Heap before GC invocations=187 (full 0):
 garbage-first heap   total 322560K, used 234603K [0x0000000080000000, 0x0000000100000000)
  region size 1024K, 86 young (88064K), 11 survivors (11264K)
 Metaspace       used 150488K, capacity 156181K, committed 156364K, reserved 1185792K
  class space    used 18848K, capacity 20838K, committed 20940K, reserved 1048576K
}
Event: 1173.341 GC heap after
{Heap after GC invocations=188 (full 0):
 garbage-first heap   total 322560K, used 162869K [0x0000000080000000, 0x0000000100000000)
  region size 1024K, 11 young (11264K), 11 survivors (11264K)
 Metaspace       used 150488K, capacity 156181K, committed 156364K, reserved 1185792K
  class space    used 18848K, capacity 20838K, committed 20940K, reserved 1048576K
}
Event: 1173.361 GC heap before
{Heap before GC invocations=188 (full 0):
 garbage-first heap   total 322560K, used 166965K [0x0000000080000000, 0x0000000100000000)
  region size 1024K, 15 young (15360K), 11 survivors (11264K)
 Metaspace       used 150489K, capacity 156181K, committed 156364K, reserved 1185792K
  class space    used 18848K, capacity 20838K, committed 20940K, reserved 1048576K
}
Event: 1173.372 GC heap after
{Heap after GC invocations=189 (full 0):
 garbage-first heap   total 322560K, used 158514K [0x0000000080000000, 0x0000000100000000)
  region size 1024K, 1 young (1024K), 1 survivors (1024K)
 Metaspace       used 150489K, capacity 156181K, committed 156364K, reserved 1185792K
  class space    used 18848K, capacity 20838K, committed 20940K, reserved 1048576K
}
Event: 1173.514 GC heap before
{Heap before GC invocations=189 (full 0):
 garbage-first heap   total 322560K, used 198450K [0x0000000080000000, 0x0000000100000000)
  region size 1024K, 42 young (43008K), 1 survivors (1024K)
 Metaspace       used 150496K, capacity 156181K, committed 156364K, reserved 1185792K
  class space    used 18848K, capacity 20838K, committed 20940K, reserved 1048576K
}
Event: 1173.520 GC heap after
{Heap after GC invocations=190 (full 0):
 garbage-first heap   total 322560K, used 161709K [0x0000000080000000, 0x0000000100000000)
  region size 1024K, 5 young (5120K), 5 survivors (5120K)
 Metaspace       used 150496K, capacity 156181K, committed 156364K, reserved 1185792K
  class space    used 18848K, capacity 20838K, committed 20940K, reserved 1048576K
}
Event: 1173.875 GC heap before
{Heap before GC invocations=191 (full 0):
 garbage-first heap   total 322560K, used 252845K [0x0000000080000000, 0x0000000100000000)
  region size 1024K, 80 young (81920K), 5 survivors (5120K)
 Metaspace       used 150576K, capacity 156310K, committed 156620K, reserved 1185792K
  class space    used 18849K, capacity 20838K, committed 20940K, reserved 1048576K
}
Event: 1173.883 GC heap after
{Heap after GC invocations=192 (full 0):
 garbage-first heap   total 322560K, used 165843K [0x0000000080000000, 0x0000000100000000)
  region size 1024K, 9 young (9216K), 9 survivors (9216K)
 Metaspace       used 150576K, capacity 156310K, committed 156620K, reserved 1185792K
  class space    used 18849K, capacity 20838K, committed 20940K, reserved 1048576K
}
Event: 1173.903 GC heap before
{Heap before GC invocations=192 (full 0):
 garbage-first heap   total 322560K, used 171987K [0x0000000080000000, 0x0000000100000000)
  region size 1024K, 15 young (15360K), 9 survivors (9216K)
 Metaspace       used 150582K, capacity 156310K, committed 156620K, reserved 1185792K
  class space    used 18849K, capacity 20838K, committed 20940K, reserved 1048576K
}
Event: 1173.911 GC heap after
{Heap after GC invocations=193 (full 0):
 garbage-first heap   total 322560K, used 166801K [0x0000000080000000, 0x0000000100000000)
  region size 1024K, 2 young (2048K), 2 survivors (2048K)
 Metaspace       used 150582K, capacity 156310K, committed 156620K, reserved 1185792K
  class space    used 18849K, capacity 20838K, committed 20940K, reserved 1048576K
}
Event: 1174.193 GC heap before
{Heap before GC invocations=193 (full 0):
 garbage-first heap   total 322560K, used 203665K [0x0000000080000000, 0x0000000100000000)
  region size 1024K, 39 young (39936K), 2 survivors (2048K)
 Metaspace       used 150736K, capacity 156527K, committed 156620K, reserved 1185792K
  class space    used 18873K, capacity 20867K, committed 20940K, reserved 1048576K
}
Event: 1174.200 GC heap after
{Heap after GC invocations=194 (full 0):
 garbage-first heap   total 322560K, used 167305K [0x0000000080000000, 0x0000000100000000)
  region size 1024K, 3 young (3072K), 3 survivors (3072K)
 Metaspace       used 150736K, capacity 156527K, committed 156620K, reserved 1185792K
  class space    used 18873K, capacity 20867K, committed 20940K, reserved 1048576K
}
Event: 1174.950 GC heap before
{Heap before GC invocations=195 (full 0):
 garbage-first heap   total 322560K, used 242057K [0x0000000080000000, 0x0000000100000000)
  region size 1024K, 71 young (72704K), 3 survivors (3072K)
 Metaspace       used 150836K, capacity 156603K, committed 156876K, reserved 1185792K
  class space    used 18879K, capacity 20870K, committed 20940K, reserved 1048576K
}
Event: 1174.959 GC heap after
{Heap after GC invocations=196 (full 0):
 garbage-first heap   total 322560K, used 175386K [0x0000000080000000, 0x0000000100000000)
  region size 1024K, 9 young (9216K), 9 survivors (9216K)
 Metaspace       used 150836K, capacity 156603K, committed 156876K, reserved 1185792K
  class space    used 18879K, capacity 20870K, committed 20940K, reserved 1048576K
}
Event: 1175.022 GC heap before
{Heap before GC invocations=196 (full 0):
 garbage-first heap   total 322560K, used 180506K [0x0000000080000000, 0x0000000100000000)
  region size 1024K, 15 young (15360K), 9 survivors (9216K)
 Metaspace       used 150921K, capacity 156738K, committed 156876K, reserved 1185792K
  class space    used 18895K, capacity 20915K, committed 20940K, reserved 1048576K
}
Event: 1175.030 GC heap after
{Heap after GC invocations=197 (full 0):
 garbage-first heap   total 322560K, used 155740K [0x0000000080000000, 0x0000000100000000)
  region size 1024K, 2 young (2048K), 2 survivors (2048K)
 Metaspace       used 150921K, capacity 156738K, committed 156876K, reserved 1185792K
  class space    used 18895K, capacity 20915K, committed 20940K, reserved 1048576K
}

